[2026-03-01 01:16:52,947] [INFO] Application initialized successfully.
[2026-03-01 01:16:55,624] [INFO] Switched to Preset Experiment 1.
[2026-03-01 01:16:56,197] [INFO] Simulation started. Target: [0.0, 0.0, 0.5]
[2026-03-01 01:16:59,641] [INFO] Simulation started. Target: [0.4, 0.4, 0.7]
[2026-03-01 01:17:01,849] [WARNING] Simulation paused.
[2026-03-01 01:17:03,193] [INFO] System stopped and reset.
[2026-03-01 01:17:07,429] [INFO] Simulation started. Target: [0.4, 0.4, 0.7]
[2026-03-01 01:17:07,489] [ERROR] EMERGENCY STOP: Tracking Error Exceeded Threshold (0.90m > 0.7m)
[2026-03-01 01:17:08,387] [INFO] Simulation started. Target: [0.4, 0.4, 0.7]
[2026-03-01 01:17:17,834] [INFO] Saved full history plot data to /home/tosania/Desktop/soft_control_v2/src/sim2real/data/sim_data_20260301_011717.npz
[2026-03-01 01:17:18,311] [INFO] System stopped and reset.
[2026-03-01 01:17:18,786] [INFO] Simulation started. Target: [0.4, 0.4, 0.7]
[2026-03-01 01:17:18,819] [ERROR] EMERGENCY STOP: Tracking Error Exceeded Threshold (0.90m > 0.7m)
[2026-03-01 01:17:20,331] [INFO] Simulation started. Target: [0.4, 0.4, 0.7]
[2026-03-01 01:18:21,612] [INFO] Task Completed: Preset Experiment 1 Completed (10s)
[2026-03-01 01:18:21,625] [INFO] Task Completed: Preset Experiment 1 Completed (10s)
[2026-03-01 01:18:31,910] [INFO] Simulation started. Target: [0.4, 0.4, 0.7]
[2026-03-01 01:18:32,276] [ERROR] EMERGENCY STOP: Tracking Error Exceeded Threshold (0.73m > 0.7m)
[2026-03-01 01:18:33,126] [INFO] Simulation started. Target: [0.4, 0.4, 0.7]
[2026-03-01 01:18:33,136] [ERROR] EMERGENCY STOP: Tracking Error Exceeded Threshold (0.76m > 0.7m)
[2026-03-01 01:18:33,673] [INFO] Simulation started. Target: [0.4, 0.4, 0.7]
[2026-03-01 01:18:33,694] [ERROR] EMERGENCY STOP: Tracking Error Exceeded Threshold (0.79m > 0.7m)
[2026-03-01 01:18:34,286] [INFO] Simulation started. Target: [0.4, 0.4, 0.7]
[2026-03-01 01:18:34,303] [ERROR] EMERGENCY STOP: Tracking Error Exceeded Threshold (0.82m > 0.7m)
[2026-03-01 01:18:34,712] [INFO] Simulation started. Target: [0.4, 0.4, 0.7]
[2026-03-01 01:18:34,763] [ERROR] EMERGENCY STOP: Tracking Error Exceeded Threshold (0.85m > 0.7m)
[2026-03-01 01:18:35,239] [INFO] Simulation started. Target: [0.4, 0.4, 0.7]
[2026-03-01 01:18:35,271] [ERROR] EMERGENCY STOP: Tracking Error Exceeded Threshold (0.88m > 0.7m)
[2026-03-01 01:18:35,589] [INFO] Simulation started. Target: [0.4, 0.4, 0.7]
[2026-03-01 01:18:35,630] [ERROR] EMERGENCY STOP: Tracking Error Exceeded Threshold (0.91m > 0.7m)
[2026-03-01 01:18:35,927] [INFO] Simulation started. Target: [0.4, 0.4, 0.7]
[2026-03-01 01:18:35,938] [ERROR] EMERGENCY STOP: Tracking Error Exceeded Threshold (0.93m > 0.7m)
[2026-03-01 01:18:36,243] [INFO] Simulation started. Target: [0.4, 0.4, 0.7]
[2026-03-01 01:18:36,297] [ERROR] EMERGENCY STOP: Tracking Error Exceeded Threshold (0.96m > 0.7m)
[2026-03-01 01:18:38,152] [INFO] System stopped and reset.
[2026-03-01 01:18:38,934] [INFO] Simulation started. Target: [0.4, 0.4, 0.7]
[2026-03-01 01:18:38,963] [ERROR] EMERGENCY STOP: Tracking Error Exceeded Threshold (0.90m > 0.7m)
[2026-03-01 01:18:41,450] [INFO] Switched to Manual Setup.
[2026-03-01 01:18:42,034] [INFO] Simulation started. Target: [0.4, 0.4, 0.7]
[2026-03-01 01:19:20,979] [ERROR] EMERGENCY STOP: Tracking Error Exceeded Threshold (0.70m > 0.7m)
[2026-03-01 01:19:20,988] [ERROR] EMERGENCY STOP: Tracking Error Exceeded Threshold (0.70m > 0.7m)
[2026-03-01 01:19:57,208] [INFO] System stopped and reset.
[2026-03-01 01:21:08,351] [INFO] Simulation started. Target: [0.4, 0.4, 0.7]
[2026-03-01 01:21:08,375] [ERROR] EMERGENCY STOP: Tracking Error Exceeded Threshold (0.90m > 0.7m)
[2026-03-01 01:21:09,177] [INFO] System stopped and reset.
[2026-03-01 01:21:09,925] [INFO] Simulation started. Target: [0.4, 0.4, 0.7]
[2026-03-01 01:21:09,935] [ERROR] EMERGENCY STOP: Tracking Error Exceeded Threshold (0.90m > 0.7m)
[2026-03-01 01:21:10,985] [INFO] Simulation started. Target: [0.4, 0.4, 0.7]
[2026-03-01 01:21:14,546] [ERROR] EMERGENCY STOP: Posture Singularity Detected: Bending Angle (60.1° > 60.0°)
[2026-03-01 01:21:25,067] [INFO] System stopped and reset.
[2026-03-01 01:21:25,546] [INFO] Simulation started. Target: [0.4, 0.4, 0.7]
[2026-03-01 01:21:25,581] [ERROR] EMERGENCY STOP: Tracking Error Exceeded Threshold (0.90m > 0.7m)
[2026-03-01 01:21:26,921] [INFO] Simulation started. Target: [0.4, 0.4, 0.7]
[2026-03-01 01:21:30,647] [ERROR] EMERGENCY STOP: Posture Singularity Detected: Bending Angle (60.1° > 60.0°)
